[debug] [2021-03-08T20:41:37.023Z] ----------------------------------------------------------------------
[debug] [2021-03-08T20:41:37.025Z] Command:       /usr/bin/node /usr/local/bin/firebase deploy
[debug] [2021-03-08T20:41:37.025Z] CLI Version:   9.5.0
[debug] [2021-03-08T20:41:37.025Z] Platform:      linux
[debug] [2021-03-08T20:41:37.025Z] Node Version:  v10.19.0
[debug] [2021-03-08T20:41:37.025Z] Time:          Mon Mar 08 2021 15:41:37 GMT-0500 (Eastern Standard Time)
[debug] [2021-03-08T20:41:37.026Z] ----------------------------------------------------------------------
[debug] [2021-03-08T20:41:37.026Z] 
[debug] [2021-03-08T20:41:37.031Z] > command requires scopes: ["email","openid","https://www.googleapis.com/auth/cloudplatformprojects.readonly","https://www.googleapis.com/auth/firebase","https://www.googleapis.com/auth/cloud-platform"]
[debug] [2021-03-08T20:41:37.031Z] > authorizing via signed-in user
[debug] [2021-03-08T20:41:37.031Z] [iam] checking project hcigatorcom for permissions ["cloudfunctions.functions.create","cloudfunctions.functions.delete","cloudfunctions.functions.get","cloudfunctions.functions.list","cloudfunctions.functions.update","cloudfunctions.operations.get","firebase.projects.get","firebasehosting.sites.update"]
[debug] [2021-03-08T20:41:37.033Z] > refreshing access token with scopes: ["email","https://www.googleapis.com/auth/cloud-platform","https://www.googleapis.com/auth/cloudplatformprojects.readonly","https://www.googleapis.com/auth/firebase","openid"]
[debug] [2021-03-08T20:41:37.033Z] >>> HTTP REQUEST POST https://www.googleapis.com/oauth2/v3/token  
 <request body omitted>
[debug] [2021-03-08T20:41:37.188Z] <<< HTTP RESPONSE 200 {"date":"Mon, 08 Mar 2021 20:41:39 GMT","cache-control":"no-cache, no-store, max-age=0, must-revalidate","expires":"Mon, 01 Jan 1990 00:00:00 GMT","pragma":"no-cache","content-type":"application/json; charset=utf-8","vary":"X-Origin, Referer, Origin,Accept-Encoding","server":"scaffolding on HTTPServer2","x-xss-protection":"0","x-frame-options":"SAMEORIGIN","x-content-type-options":"nosniff","alt-svc":"h3-29=\":443\"; ma=2592000,h3-T051=\":443\"; ma=2592000,h3-Q050=\":443\"; ma=2592000,h3-Q046=\":443\"; ma=2592000,h3-Q043=\":443\"; ma=2592000,quic=\":443\"; ma=2592000; v=\"46,43\"","accept-ranges":"none","transfer-encoding":"chunked"}
[debug] [2021-03-08T20:41:37.195Z] >>> HTTP REQUEST POST https://cloudresourcemanager.googleapis.com/v1/projects/hcigatorcom:testIamPermissions  
 {"permissions":["cloudfunctions.functions.create","cloudfunctions.functions.delete","cloudfunctions.functions.get","cloudfunctions.functions.list","cloudfunctions.functions.update","cloudfunctions.operations.get","firebase.projects.get","firebasehosting.sites.update"]}
[debug] [2021-03-08T20:41:37.397Z] <<< HTTP RESPONSE 200 {"content-type":"application/json; charset=UTF-8","vary":"X-Origin, Referer, Origin,Accept-Encoding","date":"Mon, 08 Mar 2021 20:41:40 GMT","server":"ESF","cache-control":"private","x-xss-protection":"0","x-frame-options":"SAMEORIGIN","x-content-type-options":"nosniff","server-timing":"gfet4t7; dur=87","alt-svc":"h3-29=\":443\"; ma=2592000,h3-T051=\":443\"; ma=2592000,h3-Q050=\":443\"; ma=2592000,h3-Q046=\":443\"; ma=2592000,h3-Q043=\":443\"; ma=2592000,quic=\":443\"; ma=2592000; v=\"46,43\"","accept-ranges":"none","transfer-encoding":"chunked"}
[debug] [2021-03-08T20:41:37.399Z] >>> HTTP REQUEST POST https://iam.googleapis.com/v1/projects/hcigatorcom/serviceAccounts/hcigatorcom@appspot.gserviceaccount.com:testIamPermissions  
 {"permissions":["iam.serviceAccounts.actAs"]}
[debug] [2021-03-08T20:41:37.633Z] <<< HTTP RESPONSE 200 {"content-type":"application/json; charset=UTF-8","vary":"X-Origin, Referer, Origin,Accept-Encoding","date":"Mon, 08 Mar 2021 20:41:40 GMT","server":"ESF","cache-control":"private","x-xss-protection":"0","x-frame-options":"SAMEORIGIN","x-content-type-options":"nosniff","alt-svc":"h3-29=\":443\"; ma=2592000,h3-T051=\":443\"; ma=2592000,h3-Q050=\":443\"; ma=2592000,h3-Q046=\":443\"; ma=2592000,h3-Q043=\":443\"; ma=2592000,quic=\":443\"; ma=2592000; v=\"46,43\"","accept-ranges":"none","transfer-encoding":"chunked"}
[debug] [2021-03-08T20:41:37.636Z] > refreshing access token with scopes: []
[debug] [2021-03-08T20:41:37.637Z] >>> HTTP REQUEST POST https://www.googleapis.com/oauth2/v3/token  
 <request body omitted>
[debug] [2021-03-08T20:41:37.725Z] <<< HTTP RESPONSE 200 {"date":"Mon, 08 Mar 2021 20:41:40 GMT","cache-control":"no-cache, no-store, max-age=0, must-revalidate","pragma":"no-cache","expires":"Mon, 01 Jan 1990 00:00:00 GMT","content-type":"application/json; charset=utf-8","vary":"X-Origin, Referer, Origin,Accept-Encoding","server":"scaffolding on HTTPServer2","x-xss-protection":"0","x-frame-options":"SAMEORIGIN","x-content-type-options":"nosniff","alt-svc":"h3-29=\":443\"; ma=2592000,h3-T051=\":443\"; ma=2592000,h3-Q050=\":443\"; ma=2592000,h3-Q046=\":443\"; ma=2592000,h3-Q043=\":443\"; ma=2592000,quic=\":443\"; ma=2592000; v=\"46,43\"","accept-ranges":"none","transfer-encoding":"chunked"}
[debug] [2021-03-08T20:41:37.731Z] >>> [apiv2][query] GET https://firebase.googleapis.com/v1beta1/projects/hcigatorcom [none]
[debug] [2021-03-08T20:41:37.954Z] <<< [apiv2][status] GET https://firebase.googleapis.com/v1beta1/projects/hcigatorcom 200
[debug] [2021-03-08T20:41:37.955Z] <<< [apiv2][body] GET https://firebase.googleapis.com/v1beta1/projects/hcigatorcom {"projectId":"hcigatorcom","projectNumber":"484162661935","displayName":"hcigatorcom","name":"projects/hcigatorcom","resources":{"hostingSite":"hcigatorcom","storageBucket":"hcigatorcom.appspot.com","locationId":"us-central"},"state":"ACTIVE"}
[info] 
[info] === Deploying to 'hcigatorcom'...
[info] 
[info] i  deploying functions, hosting 
[info] i  functions: ensuring required API cloudfunctions.googleapis.com is enabled... 
[debug] [2021-03-08T20:41:40.851Z] > refreshing access token with scopes: ["email","https://www.googleapis.com/auth/cloud-platform","https://www.googleapis.com/auth/cloudplatformprojects.readonly","https://www.googleapis.com/auth/firebase","openid"]
[debug] [2021-03-08T20:41:40.851Z] >>> HTTP REQUEST POST https://www.googleapis.com/oauth2/v3/token  
 <request body omitted>
[debug] [2021-03-08T20:41:40.852Z] > refreshing access token with scopes: ["email","https://www.googleapis.com/auth/cloud-platform","https://www.googleapis.com/auth/cloudplatformprojects.readonly","https://www.googleapis.com/auth/firebase","openid"]
[debug] [2021-03-08T20:41:40.852Z] >>> HTTP REQUEST POST https://www.googleapis.com/oauth2/v3/token  
 <request body omitted>
[info] i  functions: ensuring required API cloudbuild.googleapis.com is enabled... 
[debug] [2021-03-08T20:41:40.852Z] > refreshing access token with scopes: ["email","https://www.googleapis.com/auth/cloud-platform","https://www.googleapis.com/auth/cloudplatformprojects.readonly","https://www.googleapis.com/auth/firebase","openid"]
[debug] [2021-03-08T20:41:40.852Z] >>> HTTP REQUEST POST https://www.googleapis.com/oauth2/v3/token  
 <request body omitted>
[debug] [2021-03-08T20:41:40.935Z] <<< HTTP RESPONSE 200 {"date":"Mon, 08 Mar 2021 20:41:43 GMT","expires":"Mon, 01 Jan 1990 00:00:00 GMT","cache-control":"no-cache, no-store, max-age=0, must-revalidate","pragma":"no-cache","content-type":"application/json; charset=utf-8","vary":"X-Origin, Referer, Origin,Accept-Encoding","server":"scaffolding on HTTPServer2","x-xss-protection":"0","x-frame-options":"SAMEORIGIN","x-content-type-options":"nosniff","alt-svc":"h3-29=\":443\"; ma=2592000,h3-T051=\":443\"; ma=2592000,h3-Q050=\":443\"; ma=2592000,h3-Q046=\":443\"; ma=2592000,h3-Q043=\":443\"; ma=2592000,quic=\":443\"; ma=2592000; v=\"46,43\"","accept-ranges":"none","transfer-encoding":"chunked"}
[debug] [2021-03-08T20:41:40.943Z] >>> HTTP REQUEST GET https://serviceusage.googleapis.com/v1/projects/hcigatorcom/services/runtimeconfig.googleapis.com  
 
[debug] [2021-03-08T20:41:40.946Z] <<< HTTP RESPONSE 200 {"date":"Mon, 08 Mar 2021 20:41:43 GMT","expires":"Mon, 01 Jan 1990 00:00:00 GMT","cache-control":"no-cache, no-store, max-age=0, must-revalidate","pragma":"no-cache","content-type":"application/json; charset=utf-8","vary":"X-Origin, Referer, Origin,Accept-Encoding","server":"scaffolding on HTTPServer2","x-xss-protection":"0","x-frame-options":"SAMEORIGIN","x-content-type-options":"nosniff","alt-svc":"h3-29=\":443\"; ma=2592000,h3-T051=\":443\"; ma=2592000,h3-Q050=\":443\"; ma=2592000,h3-Q046=\":443\"; ma=2592000,h3-Q043=\":443\"; ma=2592000,quic=\":443\"; ma=2592000; v=\"46,43\"","accept-ranges":"none","transfer-encoding":"chunked"}
[debug] [2021-03-08T20:41:40.953Z] >>> HTTP REQUEST GET https://serviceusage.googleapis.com/v1/projects/hcigatorcom/services/cloudfunctions.googleapis.com  
 
[debug] [2021-03-08T20:41:40.955Z] <<< HTTP RESPONSE 200 {"cache-control":"no-cache, no-store, max-age=0, must-revalidate","pragma":"no-cache","date":"Mon, 08 Mar 2021 20:41:43 GMT","expires":"Mon, 01 Jan 1990 00:00:00 GMT","content-type":"application/json; charset=utf-8","vary":"X-Origin, Referer, Origin,Accept-Encoding","server":"scaffolding on HTTPServer2","x-xss-protection":"0","x-frame-options":"SAMEORIGIN","x-content-type-options":"nosniff","alt-svc":"h3-29=\":443\"; ma=2592000,h3-T051=\":443\"; ma=2592000,h3-Q050=\":443\"; ma=2592000,h3-Q046=\":443\"; ma=2592000,h3-Q043=\":443\"; ma=2592000,quic=\":443\"; ma=2592000; v=\"46,43\"","accept-ranges":"none","transfer-encoding":"chunked"}
[debug] [2021-03-08T20:41:40.962Z] >>> HTTP REQUEST GET https://serviceusage.googleapis.com/v1/projects/hcigatorcom/services/cloudbuild.googleapis.com  
 
[debug] [2021-03-08T20:41:41.362Z] <<< HTTP RESPONSE 200 {"content-type":"application/json; charset=UTF-8","vary":"X-Origin, Referer, Origin,Accept-Encoding","date":"Mon, 08 Mar 2021 20:41:44 GMT","server":"ESF","cache-control":"private","x-xss-protection":"0","x-frame-options":"SAMEORIGIN","x-content-type-options":"nosniff","alt-svc":"h3-29=\":443\"; ma=2592000,h3-T051=\":443\"; ma=2592000,h3-Q050=\":443\"; ma=2592000,h3-Q046=\":443\"; ma=2592000,h3-Q043=\":443\"; ma=2592000,quic=\":443\"; ma=2592000; v=\"46,43\"","accept-ranges":"none","transfer-encoding":"chunked"}
[info] ✔  functions: required API cloudbuild.googleapis.com is enabled 
[debug] [2021-03-08T20:41:41.364Z] <<< HTTP RESPONSE 200 {"content-type":"application/json; charset=UTF-8","vary":"X-Origin, Referer, Origin,Accept-Encoding","date":"Mon, 08 Mar 2021 20:41:44 GMT","server":"ESF","cache-control":"private","x-xss-protection":"0","x-frame-options":"SAMEORIGIN","x-content-type-options":"nosniff","alt-svc":"h3-29=\":443\"; ma=2592000,h3-T051=\":443\"; ma=2592000,h3-Q050=\":443\"; ma=2592000,h3-Q046=\":443\"; ma=2592000,h3-Q043=\":443\"; ma=2592000,quic=\":443\"; ma=2592000; v=\"46,43\"","accept-ranges":"none","transfer-encoding":"chunked"}
[debug] [2021-03-08T20:41:41.385Z] <<< HTTP RESPONSE 200 {"content-type":"application/json; charset=UTF-8","vary":"X-Origin, Referer, Origin,Accept-Encoding","date":"Mon, 08 Mar 2021 20:41:44 GMT","server":"ESF","cache-control":"private","x-xss-protection":"0","x-frame-options":"SAMEORIGIN","x-content-type-options":"nosniff","alt-svc":"h3-29=\":443\"; ma=2592000,h3-T051=\":443\"; ma=2592000,h3-Q050=\":443\"; ma=2592000,h3-Q046=\":443\"; ma=2592000,h3-Q043=\":443\"; ma=2592000,quic=\":443\"; ma=2592000; v=\"46,43\"","accept-ranges":"none","transfer-encoding":"chunked"}
[info] ✔  functions: required API cloudfunctions.googleapis.com is enabled 
[debug] [2021-03-08T20:41:41.386Z] >>> HTTP REQUEST GET https://firebase.googleapis.com/v1beta1/projects/hcigatorcom/adminSdkConfig  
 
[debug] [2021-03-08T20:41:41.578Z] <<< HTTP RESPONSE 200 {"content-type":"application/json; charset=UTF-8","vary":"X-Origin, Referer, Origin,Accept-Encoding","date":"Mon, 08 Mar 2021 20:41:44 GMT","server":"ESF","cache-control":"private","x-xss-protection":"0","x-frame-options":"SAMEORIGIN","x-content-type-options":"nosniff","alt-svc":"h3-29=\":443\"; ma=2592000,h3-T051=\":443\"; ma=2592000,h3-Q050=\":443\"; ma=2592000,h3-Q046=\":443\"; ma=2592000,h3-Q043=\":443\"; ma=2592000,quic=\":443\"; ma=2592000; v=\"46,43\"","accept-ranges":"none","transfer-encoding":"chunked"}
[info] i  functions: preparing functions directory for uploading... 
[debug] [2021-03-08T20:41:41.579Z] >>> HTTP REQUEST GET https://runtimeconfig.googleapis.com/v1beta1/projects/hcigatorcom/configs  
 
[debug] [2021-03-08T20:41:42.109Z] <<< HTTP RESPONSE 200 {"content-type":"application/json; charset=UTF-8","vary":"X-Origin, Referer, Origin,Accept-Encoding","date":"Mon, 08 Mar 2021 20:41:44 GMT","server":"ESF","cache-control":"private","x-xss-protection":"0","x-frame-options":"SAMEORIGIN","x-content-type-options":"nosniff","alt-svc":"h3-29=\":443\"; ma=2592000,h3-T051=\":443\"; ma=2592000,h3-Q050=\":443\"; ma=2592000,h3-Q046=\":443\"; ma=2592000,h3-Q043=\":443\"; ma=2592000,quic=\":443\"; ma=2592000; v=\"46,43\"","accept-ranges":"none","transfer-encoding":"chunked"}
[debug] [2021-03-08T20:41:42.110Z] >>> HTTP REQUEST GET https://runtimeconfig.googleapis.com/v1beta1/projects/hcigatorcom/configs/translate/variables  
 
[debug] [2021-03-08T20:41:42.274Z] <<< HTTP RESPONSE 200 {"content-type":"application/json; charset=UTF-8","vary":"X-Origin, Referer, Origin,Accept-Encoding","date":"Mon, 08 Mar 2021 20:41:45 GMT","server":"ESF","cache-control":"private","x-xss-protection":"0","x-frame-options":"SAMEORIGIN","x-content-type-options":"nosniff","alt-svc":"h3-29=\":443\"; ma=2592000,h3-T051=\":443\"; ma=2592000,h3-Q050=\":443\"; ma=2592000,h3-Q046=\":443\"; ma=2592000,h3-Q043=\":443\"; ma=2592000,quic=\":443\"; ma=2592000; v=\"46,43\"","accept-ranges":"none","transfer-encoding":"chunked"}
[debug] [2021-03-08T20:41:42.276Z] >>> HTTP REQUEST GET https://runtimeconfig.googleapis.com/v1beta1/projects/hcigatorcom/configs/translate/variables/key  
 
[debug] [2021-03-08T20:41:42.497Z] <<< HTTP RESPONSE 200 {"content-type":"application/json; charset=UTF-8","vary":"X-Origin, Referer, Origin,Accept-Encoding","date":"Mon, 08 Mar 2021 20:41:45 GMT","server":"ESF","cache-control":"private","x-xss-protection":"0","x-frame-options":"SAMEORIGIN","x-content-type-options":"nosniff","alt-svc":"h3-29=\":443\"; ma=2592000,h3-T051=\":443\"; ma=2592000,h3-Q050=\":443\"; ma=2592000,h3-Q046=\":443\"; ma=2592000,h3-Q043=\":443\"; ma=2592000,quic=\":443\"; ma=2592000; v=\"46,43\"","accept-ranges":"none","transfer-encoding":"chunked"}
[info] i  functions: packaged functions (22.31 KB) for uploading 
[debug] [2021-03-08T20:41:43.111Z] > [functions] package.json contents: {
  "name": "functions",
  "description": "Cloud Functions for Firebase",
  "scripts": {
    "serve": "firebase emulators:start --only functions",
    "shell": "firebase functions:shell",
    "start": "npm run shell",
    "deploy": "firebase deploy --only functions",
    "logs": "firebase functions:log"
  },
  "engines": {
    "node": "12"
  },
  "main": "index.js",
  "dependencies": {
    "axios": "^0.21.1",
    "firebase-admin": "^9.2.0",
    "firebase-functions": "^3.11.0",
    "uuid": "^8.3.2"
  },
  "devDependencies": {
    "firebase-functions-test": "^0.2.0"
  },
  "private": true
}
[debug] [2021-03-08T20:41:43.113Z] >>> HTTP REQUEST POST https://firebasehosting.googleapis.com/v1beta1/sites/hcigatorcom/versions  
 {"config":{"rewrites":[{"glob":"**","path":"/index.html"}]},"labels":{"deployment-tool":"cli-firebase"}}
[debug] [2021-03-08T20:41:43.932Z] <<< HTTP RESPONSE 200 {"content-type":"application/json; charset=UTF-8","vary":"X-Origin, Referer, Origin,Accept-Encoding","date":"Mon, 08 Mar 2021 20:41:46 GMT","server":"ESF","cache-control":"private","x-xss-protection":"0","x-frame-options":"SAMEORIGIN","x-content-type-options":"nosniff","alt-svc":"h3-29=\":443\"; ma=2592000,h3-T051=\":443\"; ma=2592000,h3-Q050=\":443\"; ma=2592000,h3-Q046=\":443\"; ma=2592000,h3-Q043=\":443\"; ma=2592000,quic=\":443\"; ma=2592000; v=\"46,43\"","accept-ranges":"none","transfer-encoding":"chunked"}
[debug] [2021-03-08T20:41:43.935Z] >>> HTTP REQUEST GET https://cloudfunctions.googleapis.com/v1/projects/hcigatorcom/locations/-/functions  
 
[debug] [2021-03-08T20:41:44.410Z] <<< HTTP RESPONSE 200 {"content-type":"application/json; charset=UTF-8","vary":"X-Origin, Referer, Origin,Accept-Encoding","date":"Mon, 08 Mar 2021 20:41:47 GMT","server":"ESF","cache-control":"private","x-xss-protection":"0","x-frame-options":"SAMEORIGIN","x-content-type-options":"nosniff","alt-svc":"h3-29=\":443\"; ma=2592000,h3-T051=\":443\"; ma=2592000,h3-Q050=\":443\"; ma=2592000,h3-Q046=\":443\"; ma=2592000,h3-Q043=\":443\"; ma=2592000,quic=\":443\"; ma=2592000; v=\"46,43\"","accept-ranges":"none","transfer-encoding":"chunked"}
[debug] [2021-03-08T20:41:44.413Z] >>> HTTP REQUEST POST https://cloudfunctions.googleapis.com/v1/projects/hcigatorcom/locations/us-central1/functions:generateUploadUrl  
 
[debug] [2021-03-08T20:41:45.149Z] <<< HTTP RESPONSE 200 {"content-type":"application/json; charset=UTF-8","vary":"X-Origin, Referer, Origin,Accept-Encoding","date":"Mon, 08 Mar 2021 20:41:47 GMT","server":"ESF","cache-control":"private","x-xss-protection":"0","x-frame-options":"SAMEORIGIN","x-content-type-options":"nosniff","alt-svc":"h3-29=\":443\"; ma=2592000,h3-T051=\":443\"; ma=2592000,h3-Q050=\":443\"; ma=2592000,h3-Q046=\":443\"; ma=2592000,h3-Q043=\":443\"; ma=2592000,quic=\":443\"; ma=2592000; v=\"46,43\"","accept-ranges":"none","transfer-encoding":"chunked"}
[debug] [2021-03-08T20:41:45.149Z] >>> HTTP REQUEST PUT https://storage.googleapis.com/gcf-upload-us-central1-7ee2e4e3-5a7d-448d-aed1-e0a1f057f6b8/164ad572-6f5c-4169-941d-1ffd8042e20f.zip?GoogleAccessId=service-484162661935@gcf-admin-robot.iam.gserviceaccount.com&Expires=1615237907&Signature=YYKKzj6UM4azHP0PJN3H7HgqVpvFjX%2F6n6ZmZCjVQUwAOteRWNnl%2BQBIxZq3jGNhSiWSNFQlQBsxqkEqj3nGmx3p2dHzFRy%2BZNRxUoGP6eUzXcXXscAx9exOkO9XngtOHde28vgAXpKD3ECLD8ZqRWEOjgM48p6uWVwYVmb8qmtpWg1PXDfFEYh2VXsCUvXimFJsXYBnHWQa4HI%2BiOuu%2BEjwJpaKc1v%2B%2B29dgTEyWiRjCPXfPt9s7gSpFdL%2F1Uvj5bqqKyY6EeVbEy06dCaeREsVaDiXOL%2BJrdeOVbtLYe3rRVC%2BB3CmagaNkomX4mKnTKfNgCBxe4oe4rPgM7vqlg%3D%3D  
 <request body omitted>
[debug] [2021-03-08T20:41:45.466Z] <<< HTTP RESPONSE 200 {"x-guploader-uploadid":"ABg5-UzpQvvWQPyvdQfDIlwbunIIBBR1g-nO0Fx5HDI0d3m830vYo5KezHYRitjyWq-Y0tS-JYNLF45lifI3rWnVxuhn-ueaDQ","etag":"\"263efa697e540dda9315242c92954127\"","x-goog-generation":"1615236108216116","x-goog-metageneration":"1","x-goog-hash":"crc32c=C4ju9g==, md5=Jj76aX5UDdqTFSQskpVBJw==","x-goog-stored-content-length":"22850","x-goog-stored-content-encoding":"identity","vary":"Origin","content-length":"0","date":"Mon, 08 Mar 2021 20:41:48 GMT","server":"UploadServer","content-type":"text/html; charset=UTF-8","alt-svc":"h3-29=\":443\"; ma=2592000,h3-T051=\":443\"; ma=2592000,h3-Q050=\":443\"; ma=2592000,h3-Q046=\":443\"; ma=2592000,h3-Q043=\":443\"; ma=2592000,quic=\":443\"; ma=2592000; v=\"46,43\""}
[info] ✔  functions: functions folder uploaded successfully 
[info] i  hosting[hcigatorcom]: beginning deploy... 
[info] i  hosting[hcigatorcom]: found 19 files in build 
[debug] [2021-03-08T20:41:45.498Z] > refreshing access token with scopes: []
[debug] [2021-03-08T20:41:45.499Z] >>> HTTP REQUEST POST https://www.googleapis.com/oauth2/v3/token  
 <request body omitted>
[debug] [2021-03-08T20:41:45.500Z] [hosting] hash cache [YnVpbGQ] stored for 19 files
[debug] [2021-03-08T20:41:45.501Z] [hosting][hash queue][FINAL] {"max":2,"min":0,"avg":0,"active":0,"complete":19,"success":19,"errored":0,"retried":0,"total":19,"elapsed":7}
[debug] [2021-03-08T20:41:45.590Z] <<< HTTP RESPONSE 200 {"expires":"Mon, 01 Jan 1990 00:00:00 GMT","pragma":"no-cache","cache-control":"no-cache, no-store, max-age=0, must-revalidate","date":"Mon, 08 Mar 2021 20:41:48 GMT","content-type":"application/json; charset=utf-8","vary":"X-Origin, Referer, Origin,Accept-Encoding","server":"scaffolding on HTTPServer2","x-xss-protection":"0","x-frame-options":"SAMEORIGIN","x-content-type-options":"nosniff","alt-svc":"h3-29=\":443\"; ma=2592000,h3-T051=\":443\"; ma=2592000,h3-Q050=\":443\"; ma=2592000,h3-Q046=\":443\"; ma=2592000,h3-Q043=\":443\"; ma=2592000,quic=\":443\"; ma=2592000; v=\"46,43\"","accept-ranges":"none","transfer-encoding":"chunked"}
[debug] [2021-03-08T20:41:45.597Z] >>> [apiv2][query] POST https://firebasehosting.googleapis.com/v1beta1/sites/hcigatorcom/versions/e010817042b55bef:populateFiles [none]
[debug] [2021-03-08T20:41:45.597Z] >>> [apiv2][body] POST https://firebasehosting.googleapis.com/v1beta1/sites/hcigatorcom/versions/e010817042b55bef:populateFiles {"files":{"/asset-manifest.json":"d7db6c91d23b4cad3641e6a1b268aa2faeecc1abbe02e3216e6dffacbcd1b888","/favicon.ico":"c599b7a91ab3627e3538125d9f40adc2d4bf949046984262670545dc7738af06","/index.html":"2d99ff401f3fb0c064b30c91509dc0c190375f3ccb5e6e8b6caf1caf170fcd2d","/logo192.png":"76c449ccb9cd117c2f2338f091b18f7050f3210e249b2228f5c81b23f34377cd","/logo512.png":"7779210d56c1f3741e2e487799fe3092def4fa6ac450a60532b807c3a8971205","/manifest.json":"0958a5e0c831126100c8c2d06a6bbaa665a3900f21aaff4130238a6f5a113aa1","/robots.txt":"2544ca049f223a42bff01f72ad930a5edba75bbb7199d0f8430a02ff5aca16ec","/static/css/main.9d5b29c0.chunk.css":"e61057b76ea343b23d413fe22e291ff68db4f471899d66451b9a805245396aaa","/static/css/main.9d5b29c0.chunk.css.map":"a6638cd8724b42ec187bb7db537204fbafc86dd91f0adda1bd4d603701ba9b85","/static/js/2.286f9a89.chunk.js":"ae7fd77419c5378ab879df5092c4b0d98ec780f5d5af4c01f08b0003bd26ba6c","/static/js/2.286f9a89.chunk.js.LICENSE.txt":"324458ff0719270e8f72bb07e89d4726ab19b33c117f8521577322151399fba4","/static/js/2.286f9a89.chunk.js.map":"b3e6c1f1535433ed72704a8c4c9b68721466050834e931a6a45cd69a6e37b99d","/static/js/3.782f4da0.chunk.js":"a11bf46e3e62c7c47f49ef0a07f575a18acc749dc7f909403632f7db9ab86853","/static/js/3.782f4da0.chunk.js.map":"4a56921b769813258ae435d3f7e5e04d9b013255325df664f1c48ac72fa6e5e4","/static/js/main.224f4f86.chunk.js":"78a3c64dafbbd350d7addd0d06e3afa3a3211b3387133c9b774af1884c919502","/static/js/main.224f4f86.chunk.js.map":"e612da0a64e814bcc9ad4c613c43c6ed715a80721b93872c1182039b09c61ac7","/static/js/runtime-main.5d12eeaf.js":"f148abba4c1fdddaa733a0a1bb39fb39618d7df6229040cca9a26f19fffb9656","/static/js/runtime-main.5d12eeaf.js.map":"73999faf2e90ad8b2978aaaa239fc7639d37b44e8864967c57c2f016a18fc9ec","/static/media/logo.6ce24c58.svg":"7d3ee40656c5a13fa0b04821777c1ba40bd028faa5c0e7475f61021d03fd35d6"}}
[debug] [2021-03-08T20:41:46.079Z] <<< [apiv2][status] POST https://firebasehosting.googleapis.com/v1beta1/sites/hcigatorcom/versions/e010817042b55bef:populateFiles 200
[debug] [2021-03-08T20:41:46.080Z] <<< [apiv2][body] POST https://firebasehosting.googleapis.com/v1beta1/sites/hcigatorcom/versions/e010817042b55bef:populateFiles {"uploadUrl":"https://upload-firebasehosting.googleapis.com/upload/sites/hcigatorcom/versions/e010817042b55bef/files"}
[debug] [2021-03-08T20:41:46.081Z] [hosting][populate queue][FINAL] {"max":583,"min":583,"avg":583,"active":0,"complete":1,"success":1,"errored":0,"retried":0,"total":1,"elapsed":583}
[debug] [2021-03-08T20:41:46.082Z] [hosting] uploads queued: 0
[debug] [2021-03-08T20:41:46.083Z] [hosting][upload queue][FINAL] {"max":0,"min":9999999999,"avg":0,"active":0,"complete":0,"success":0,"errored":0,"retried":0,"total":0,"elapsed":1615236106083}
[info] ✔  hosting[hcigatorcom]: file upload complete 
[debug] [2021-03-08T20:41:46.085Z] [hosting] deploy completed after 614ms
[info] i  functions: updating Node.js 12 function helloWorld(us-central1)... 
[debug] [2021-03-08T20:41:46.231Z] > refreshing access token with scopes: ["email","https://www.googleapis.com/auth/cloud-platform","https://www.googleapis.com/auth/cloudplatformprojects.readonly","https://www.googleapis.com/auth/firebase","openid"]
[debug] [2021-03-08T20:41:46.232Z] >>> HTTP REQUEST POST https://www.googleapis.com/oauth2/v3/token  
 <request body omitted>
[debug] [2021-03-08T20:41:46.322Z] <<< HTTP RESPONSE 200 {"expires":"Mon, 01 Jan 1990 00:00:00 GMT","pragma":"no-cache","cache-control":"no-cache, no-store, max-age=0, must-revalidate","date":"Mon, 08 Mar 2021 20:41:49 GMT","content-type":"application/json; charset=utf-8","vary":"X-Origin, Referer, Origin,Accept-Encoding","server":"scaffolding on HTTPServer2","x-xss-protection":"0","x-frame-options":"SAMEORIGIN","x-content-type-options":"nosniff","alt-svc":"h3-29=\":443\"; ma=2592000,h3-T051=\":443\"; ma=2592000,h3-Q050=\":443\"; ma=2592000,h3-Q046=\":443\"; ma=2592000,h3-Q043=\":443\"; ma=2592000,quic=\":443\"; ma=2592000; v=\"46,43\"","accept-ranges":"none","transfer-encoding":"chunked"}
[debug] [2021-03-08T20:41:46.328Z] >>> HTTP REQUEST PATCH https://cloudfunctions.googleapis.com/v1/projects/hcigatorcom/locations/us-central1/functions/helloWorld {"updateMask":"sourceUploadUrl,name,labels,runtime,environmentVariables,httpsTrigger"} 
 {"sourceUploadUrl":"https://storage.googleapis.com/gcf-upload-us-central1-7ee2e4e3-5a7d-448d-aed1-e0a1f057f6b8/164ad572-6f5c-4169-941d-1ffd8042e20f.zip?GoogleAccessId=service-484162661935@gcf-admin-robot.iam.gserviceaccount.com&Expires=1615237907&Signature=YYKKzj6UM4azHP0PJN3H7HgqVpvFjX%2F6n6ZmZCjVQUwAOteRWNnl%2BQBIxZq3jGNhSiWSNFQlQBsxqkEqj3nGmx3p2dHzFRy%2BZNRxUoGP6eUzXcXXscAx9exOkO9XngtOHde28vgAXpKD3ECLD8ZqRWEOjgM48p6uWVwYVmb8qmtpWg1PXDfFEYh2VXsCUvXimFJsXYBnHWQa4HI%2BiOuu%2BEjwJpaKc1v%2B%2B29dgTEyWiRjCPXfPt9s7gSpFdL%2F1Uvj5bqqKyY6EeVbEy06dCaeREsVaDiXOL%2BJrdeOVbtLYe3rRVC%2BB3CmagaNkomX4mKnTKfNgCBxe4oe4rPgM7vqlg%3D%3D","name":"projects/hcigatorcom/locations/us-central1/functions/helloWorld","labels":{"deployment-tool":"cli-firebase","deployment-callable":"true"},"httpsTrigger":{},"runtime":"nodejs12","environmentVariables":{"FIREBASE_CONFIG":"{\"projectId\":\"hcigatorcom\",\"storageBucket\":\"hcigatorcom.appspot.com\",\"locationId\":\"us-central\"}"}}
[debug] [2021-03-08T20:41:46.747Z] <<< HTTP RESPONSE 200 {"content-type":"application/json; charset=UTF-8","vary":"X-Origin, Referer, Origin,Accept-Encoding","date":"Mon, 08 Mar 2021 20:41:49 GMT","server":"ESF","cache-control":"private","x-xss-protection":"0","x-frame-options":"SAMEORIGIN","x-content-type-options":"nosniff","alt-svc":"h3-29=\":443\"; ma=2592000,h3-T051=\":443\"; ma=2592000,h3-Q050=\":443\"; ma=2592000,h3-Q046=\":443\"; ma=2592000,h3-Q043=\":443\"; ma=2592000,quic=\":443\"; ma=2592000; v=\"46,43\"","accept-ranges":"none","transfer-encoding":"chunked"}
[debug] [2021-03-08T20:41:46.749Z] > refreshing access token with scopes: []
[debug] [2021-03-08T20:41:46.750Z] >>> HTTP REQUEST POST https://www.googleapis.com/oauth2/v3/token  
 <request body omitted>
[debug] [2021-03-08T20:41:46.858Z] <<< HTTP RESPONSE 200 {"cache-control":"no-cache, no-store, max-age=0, must-revalidate","expires":"Mon, 01 Jan 1990 00:00:00 GMT","date":"Mon, 08 Mar 2021 20:41:49 GMT","pragma":"no-cache","content-type":"application/json; charset=utf-8","vary":"X-Origin, Referer, Origin,Accept-Encoding","server":"scaffolding on HTTPServer2","x-xss-protection":"0","x-frame-options":"SAMEORIGIN","x-content-type-options":"nosniff","alt-svc":"h3-29=\":443\"; ma=2592000,h3-T051=\":443\"; ma=2592000,h3-Q050=\":443\"; ma=2592000,h3-Q046=\":443\"; ma=2592000,h3-Q043=\":443\"; ma=2592000,quic=\":443\"; ma=2592000; v=\"46,43\"","accept-ranges":"none","transfer-encoding":"chunked"}
[debug] [2021-03-08T20:41:46.870Z] >>> [apiv2][query] GET https://cloudfunctions.googleapis.com/v1/operations/aGNpZ2F0b3Jjb20vdXMtY2VudHJhbDEvaGVsbG9Xb3JsZC9hRWU5VFNhUlhpQQ [none]
[debug] [2021-03-08T20:41:47.000Z] <<< [apiv2][status] GET https://cloudfunctions.googleapis.com/v1/operations/aGNpZ2F0b3Jjb20vdXMtY2VudHJhbDEvaGVsbG9Xb3JsZC9hRWU5VFNhUlhpQQ 200
[debug] [2021-03-08T20:41:47.000Z] <<< [apiv2][body] GET https://cloudfunctions.googleapis.com/v1/operations/aGNpZ2F0b3Jjb20vdXMtY2VudHJhbDEvaGVsbG9Xb3JsZC9hRWU5VFNhUlhpQQ {"name":"operations/aGNpZ2F0b3Jjb20vdXMtY2VudHJhbDEvaGVsbG9Xb3JsZC9hRWU5VFNhUlhpQQ","metadata":{"@type":"type.googleapis.com/google.cloud.functions.v1.OperationMetadataV1","target":"projects/hcigatorcom/locations/us-central1/functions/helloWorld","type":"UPDATE_FUNCTION","request":{"@type":"type.googleapis.com/google.cloud.functions.v1.CloudFunction","name":"projects/hcigatorcom/locations/us-central1/functions/helloWorld","httpsTrigger":{},"status":"ACTIVE","entryPoint":"helloWorld","timeout":"60s","availableMemoryMb":256,"serviceAccountEmail":"hcigatorcom@appspot.gserviceaccount.com","updateTime":"2021-03-08T19:01:33.130Z","versionId":"7","labels":{"deployment-tool":"cli-firebase","deployment-callable":"true"},"sourceUploadUrl":"https://storage.googleapis.com/gcf-upload-us-central1-7ee2e4e3-5a7d-448d-aed1-e0a1f057f6b8/164ad572-6f5c-4169-941d-1ffd8042e20f.zip?GoogleAccessId=service-484162661935@gcf-admin-robot.iam.gserviceaccount.com&Expires=1615237907&Signature=YYKKzj6UM4azHP0PJN3H7HgqVpvFjX%2F6n6ZmZCjVQUwAOteRWNnl%2BQBIxZq3jGNhSiWSNFQlQBsxqkEqj3nGmx3p2dHzFRy%2BZNRxUoGP6eUzXcXXscAx9exOkO9XngtOHde28vgAXpKD3ECLD8ZqRWEOjgM48p6uWVwYVmb8qmtpWg1PXDfFEYh2VXsCUvXimFJsXYBnHWQa4HI%2BiOuu%2BEjwJpaKc1v%2B%2B29dgTEyWiRjCPXfPt9s7gSpFdL%2F1Uvj5bqqKyY6EeVbEy06dCaeREsVaDiXOL%2BJrdeOVbtLYe3rRVC%2BB3CmagaNkomX4mKnTKfNgCBxe4oe4rPgM7vqlg%3D%3D","environmentVariables":{"FIREBASE_CONFIG":"{\"projectId\":\"hcigatorcom\",\"storageBucket\":\"hcigatorcom.appspot.com\",\"locationId\":\"us-central\"}"},"runtime":"nodejs12","ingressSettings":"ALLOW_ALL","buildId":"ba417c82-8487-45d8-8721-7ae7a572583a"},"versionId":"8","updateTime":"2021-03-08T20:41:49Z"}}
[debug] [2021-03-08T20:41:47.502Z] [update-projects/hcigatorcom/locations/us-central1/functions/helloWorld] Retrying task index 0
[debug] [2021-03-08T20:41:47.503Z] >>> [apiv2][query] GET https://cloudfunctions.googleapis.com/v1/operations/aGNpZ2F0b3Jjb20vdXMtY2VudHJhbDEvaGVsbG9Xb3JsZC9hRWU5VFNhUlhpQQ [none]
[debug] [2021-03-08T20:41:47.652Z] <<< [apiv2][status] GET https://cloudfunctions.googleapis.com/v1/operations/aGNpZ2F0b3Jjb20vdXMtY2VudHJhbDEvaGVsbG9Xb3JsZC9hRWU5VFNhUlhpQQ 200
[debug] [2021-03-08T20:41:47.652Z] <<< [apiv2][body] GET https://cloudfunctions.googleapis.com/v1/operations/aGNpZ2F0b3Jjb20vdXMtY2VudHJhbDEvaGVsbG9Xb3JsZC9hRWU5VFNhUlhpQQ {"name":"operations/aGNpZ2F0b3Jjb20vdXMtY2VudHJhbDEvaGVsbG9Xb3JsZC9hRWU5VFNhUlhpQQ","metadata":{"@type":"type.googleapis.com/google.cloud.functions.v1.OperationMetadataV1","target":"projects/hcigatorcom/locations/us-central1/functions/helloWorld","type":"UPDATE_FUNCTION","request":{"@type":"type.googleapis.com/google.cloud.functions.v1.CloudFunction","name":"projects/hcigatorcom/locations/us-central1/functions/helloWorld","httpsTrigger":{},"status":"ACTIVE","entryPoint":"helloWorld","timeout":"60s","availableMemoryMb":256,"serviceAccountEmail":"hcigatorcom@appspot.gserviceaccount.com","updateTime":"2021-03-08T19:01:33.130Z","versionId":"7","labels":{"deployment-tool":"cli-firebase","deployment-callable":"true"},"sourceUploadUrl":"https://storage.googleapis.com/gcf-upload-us-central1-7ee2e4e3-5a7d-448d-aed1-e0a1f057f6b8/164ad572-6f5c-4169-941d-1ffd8042e20f.zip?GoogleAccessId=service-484162661935@gcf-admin-robot.iam.gserviceaccount.com&Expires=1615237907&Signature=YYKKzj6UM4azHP0PJN3H7HgqVpvFjX%2F6n6ZmZCjVQUwAOteRWNnl%2BQBIxZq3jGNhSiWSNFQlQBsxqkEqj3nGmx3p2dHzFRy%2BZNRxUoGP6eUzXcXXscAx9exOkO9XngtOHde28vgAXpKD3ECLD8ZqRWEOjgM48p6uWVwYVmb8qmtpWg1PXDfFEYh2VXsCUvXimFJsXYBnHWQa4HI%2BiOuu%2BEjwJpaKc1v%2B%2B29dgTEyWiRjCPXfPt9s7gSpFdL%2F1Uvj5bqqKyY6EeVbEy06dCaeREsVaDiXOL%2BJrdeOVbtLYe3rRVC%2BB3CmagaNkomX4mKnTKfNgCBxe4oe4rPgM7vqlg%3D%3D","environmentVariables":{"FIREBASE_CONFIG":"{\"projectId\":\"hcigatorcom\",\"storageBucket\":\"hcigatorcom.appspot.com\",\"locationId\":\"us-central\"}"},"runtime":"nodejs12","ingressSettings":"ALLOW_ALL","buildId":"ba417c82-8487-45d8-8721-7ae7a572583a"},"versionId":"8","updateTime":"2021-03-08T20:41:49Z"}}
[debug] [2021-03-08T20:41:48.654Z] [update-projects/hcigatorcom/locations/us-central1/functions/helloWorld] Retrying task index 0
[debug] [2021-03-08T20:41:48.655Z] >>> [apiv2][query] GET https://cloudfunctions.googleapis.com/v1/operations/aGNpZ2F0b3Jjb20vdXMtY2VudHJhbDEvaGVsbG9Xb3JsZC9hRWU5VFNhUlhpQQ [none]
[debug] [2021-03-08T20:41:48.899Z] <<< [apiv2][status] GET https://cloudfunctions.googleapis.com/v1/operations/aGNpZ2F0b3Jjb20vdXMtY2VudHJhbDEvaGVsbG9Xb3JsZC9hRWU5VFNhUlhpQQ 200
[debug] [2021-03-08T20:41:48.899Z] <<< [apiv2][body] GET https://cloudfunctions.googleapis.com/v1/operations/aGNpZ2F0b3Jjb20vdXMtY2VudHJhbDEvaGVsbG9Xb3JsZC9hRWU5VFNhUlhpQQ {"name":"operations/aGNpZ2F0b3Jjb20vdXMtY2VudHJhbDEvaGVsbG9Xb3JsZC9hRWU5VFNhUlhpQQ","metadata":{"@type":"type.googleapis.com/google.cloud.functions.v1.OperationMetadataV1","target":"projects/hcigatorcom/locations/us-central1/functions/helloWorld","type":"UPDATE_FUNCTION","request":{"@type":"type.googleapis.com/google.cloud.functions.v1.CloudFunction","name":"projects/hcigatorcom/locations/us-central1/functions/helloWorld","httpsTrigger":{},"status":"ACTIVE","entryPoint":"helloWorld","timeout":"60s","availableMemoryMb":256,"serviceAccountEmail":"hcigatorcom@appspot.gserviceaccount.com","updateTime":"2021-03-08T19:01:33.130Z","versionId":"7","labels":{"deployment-tool":"cli-firebase","deployment-callable":"true"},"sourceUploadUrl":"https://storage.googleapis.com/gcf-upload-us-central1-7ee2e4e3-5a7d-448d-aed1-e0a1f057f6b8/164ad572-6f5c-4169-941d-1ffd8042e20f.zip?GoogleAccessId=service-484162661935@gcf-admin-robot.iam.gserviceaccount.com&Expires=1615237907&Signature=YYKKzj6UM4azHP0PJN3H7HgqVpvFjX%2F6n6ZmZCjVQUwAOteRWNnl%2BQBIxZq3jGNhSiWSNFQlQBsxqkEqj3nGmx3p2dHzFRy%2BZNRxUoGP6eUzXcXXscAx9exOkO9XngtOHde28vgAXpKD3ECLD8ZqRWEOjgM48p6uWVwYVmb8qmtpWg1PXDfFEYh2VXsCUvXimFJsXYBnHWQa4HI%2BiOuu%2BEjwJpaKc1v%2B%2B29dgTEyWiRjCPXfPt9s7gSpFdL%2F1Uvj5bqqKyY6EeVbEy06dCaeREsVaDiXOL%2BJrdeOVbtLYe3rRVC%2BB3CmagaNkomX4mKnTKfNgCBxe4oe4rPgM7vqlg%3D%3D","environmentVariables":{"FIREBASE_CONFIG":"{\"projectId\":\"hcigatorcom\",\"storageBucket\":\"hcigatorcom.appspot.com\",\"locationId\":\"us-central\"}"},"runtime":"nodejs12","ingressSettings":"ALLOW_ALL","buildId":"ba417c82-8487-45d8-8721-7ae7a572583a"},"versionId":"8","updateTime":"2021-03-08T20:41:49Z","buildId":"eae3494a-cb78-48cf-b964-a9ddf06e05be"}}
[debug] [2021-03-08T20:41:50.901Z] [update-projects/hcigatorcom/locations/us-central1/functions/helloWorld] Retrying task index 0
[debug] [2021-03-08T20:41:50.901Z] >>> [apiv2][query] GET https://cloudfunctions.googleapis.com/v1/operations/aGNpZ2F0b3Jjb20vdXMtY2VudHJhbDEvaGVsbG9Xb3JsZC9hRWU5VFNhUlhpQQ [none]
[debug] [2021-03-08T20:41:51.134Z] <<< [apiv2][status] GET https://cloudfunctions.googleapis.com/v1/operations/aGNpZ2F0b3Jjb20vdXMtY2VudHJhbDEvaGVsbG9Xb3JsZC9hRWU5VFNhUlhpQQ 200
[debug] [2021-03-08T20:41:51.134Z] <<< [apiv2][body] GET https://cloudfunctions.googleapis.com/v1/operations/aGNpZ2F0b3Jjb20vdXMtY2VudHJhbDEvaGVsbG9Xb3JsZC9hRWU5VFNhUlhpQQ {"name":"operations/aGNpZ2F0b3Jjb20vdXMtY2VudHJhbDEvaGVsbG9Xb3JsZC9hRWU5VFNhUlhpQQ","metadata":{"@type":"type.googleapis.com/google.cloud.functions.v1.OperationMetadataV1","target":"projects/hcigatorcom/locations/us-central1/functions/helloWorld","type":"UPDATE_FUNCTION","request":{"@type":"type.googleapis.com/google.cloud.functions.v1.CloudFunction","name":"projects/hcigatorcom/locations/us-central1/functions/helloWorld","httpsTrigger":{},"status":"ACTIVE","entryPoint":"helloWorld","timeout":"60s","availableMemoryMb":256,"serviceAccountEmail":"hcigatorcom@appspot.gserviceaccount.com","updateTime":"2021-03-08T19:01:33.130Z","versionId":"7","labels":{"deployment-tool":"cli-firebase","deployment-callable":"true"},"sourceUploadUrl":"https://storage.googleapis.com/gcf-upload-us-central1-7ee2e4e3-5a7d-448d-aed1-e0a1f057f6b8/164ad572-6f5c-4169-941d-1ffd8042e20f.zip?GoogleAccessId=service-484162661935@gcf-admin-robot.iam.gserviceaccount.com&Expires=1615237907&Signature=YYKKzj6UM4azHP0PJN3H7HgqVpvFjX%2F6n6ZmZCjVQUwAOteRWNnl%2BQBIxZq3jGNhSiWSNFQlQBsxqkEqj3nGmx3p2dHzFRy%2BZNRxUoGP6eUzXcXXscAx9exOkO9XngtOHde28vgAXpKD3ECLD8ZqRWEOjgM48p6uWVwYVmb8qmtpWg1PXDfFEYh2VXsCUvXimFJsXYBnHWQa4HI%2BiOuu%2BEjwJpaKc1v%2B%2B29dgTEyWiRjCPXfPt9s7gSpFdL%2F1Uvj5bqqKyY6EeVbEy06dCaeREsVaDiXOL%2BJrdeOVbtLYe3rRVC%2BB3CmagaNkomX4mKnTKfNgCBxe4oe4rPgM7vqlg%3D%3D","environmentVariables":{"FIREBASE_CONFIG":"{\"projectId\":\"hcigatorcom\",\"storageBucket\":\"hcigatorcom.appspot.com\",\"locationId\":\"us-central\"}"},"runtime":"nodejs12","ingressSettings":"ALLOW_ALL","buildId":"ba417c82-8487-45d8-8721-7ae7a572583a"},"versionId":"8","updateTime":"2021-03-08T20:41:49Z","buildId":"eae3494a-cb78-48cf-b964-a9ddf06e05be"}}
[debug] [2021-03-08T20:41:55.136Z] [update-projects/hcigatorcom/locations/us-central1/functions/helloWorld] Retrying task index 0
[debug] [2021-03-08T20:41:55.136Z] >>> [apiv2][query] GET https://cloudfunctions.googleapis.com/v1/operations/aGNpZ2F0b3Jjb20vdXMtY2VudHJhbDEvaGVsbG9Xb3JsZC9hRWU5VFNhUlhpQQ [none]
[debug] [2021-03-08T20:41:55.270Z] <<< [apiv2][status] GET https://cloudfunctions.googleapis.com/v1/operations/aGNpZ2F0b3Jjb20vdXMtY2VudHJhbDEvaGVsbG9Xb3JsZC9hRWU5VFNhUlhpQQ 200
[debug] [2021-03-08T20:41:55.270Z] <<< [apiv2][body] GET https://cloudfunctions.googleapis.com/v1/operations/aGNpZ2F0b3Jjb20vdXMtY2VudHJhbDEvaGVsbG9Xb3JsZC9hRWU5VFNhUlhpQQ {"name":"operations/aGNpZ2F0b3Jjb20vdXMtY2VudHJhbDEvaGVsbG9Xb3JsZC9hRWU5VFNhUlhpQQ","metadata":{"@type":"type.googleapis.com/google.cloud.functions.v1.OperationMetadataV1","target":"projects/hcigatorcom/locations/us-central1/functions/helloWorld","type":"UPDATE_FUNCTION","request":{"@type":"type.googleapis.com/google.cloud.functions.v1.CloudFunction","name":"projects/hcigatorcom/locations/us-central1/functions/helloWorld","httpsTrigger":{},"status":"ACTIVE","entryPoint":"helloWorld","timeout":"60s","availableMemoryMb":256,"serviceAccountEmail":"hcigatorcom@appspot.gserviceaccount.com","updateTime":"2021-03-08T19:01:33.130Z","versionId":"7","labels":{"deployment-tool":"cli-firebase","deployment-callable":"true"},"sourceUploadUrl":"https://storage.googleapis.com/gcf-upload-us-central1-7ee2e4e3-5a7d-448d-aed1-e0a1f057f6b8/164ad572-6f5c-4169-941d-1ffd8042e20f.zip?GoogleAccessId=service-484162661935@gcf-admin-robot.iam.gserviceaccount.com&Expires=1615237907&Signature=YYKKzj6UM4azHP0PJN3H7HgqVpvFjX%2F6n6ZmZCjVQUwAOteRWNnl%2BQBIxZq3jGNhSiWSNFQlQBsxqkEqj3nGmx3p2dHzFRy%2BZNRxUoGP6eUzXcXXscAx9exOkO9XngtOHde28vgAXpKD3ECLD8ZqRWEOjgM48p6uWVwYVmb8qmtpWg1PXDfFEYh2VXsCUvXimFJsXYBnHWQa4HI%2BiOuu%2BEjwJpaKc1v%2B%2B29dgTEyWiRjCPXfPt9s7gSpFdL%2F1Uvj5bqqKyY6EeVbEy06dCaeREsVaDiXOL%2BJrdeOVbtLYe3rRVC%2BB3CmagaNkomX4mKnTKfNgCBxe4oe4rPgM7vqlg%3D%3D","environmentVariables":{"FIREBASE_CONFIG":"{\"projectId\":\"hcigatorcom\",\"storageBucket\":\"hcigatorcom.appspot.com\",\"locationId\":\"us-central\"}"},"runtime":"nodejs12","ingressSettings":"ALLOW_ALL","buildId":"ba417c82-8487-45d8-8721-7ae7a572583a"},"versionId":"8","updateTime":"2021-03-08T20:41:49Z","buildId":"eae3494a-cb78-48cf-b964-a9ddf06e05be"}}
